<?xml version="1.0" encoding="UTF-8"?>
<!-- Generated by org.testng.reporters.JUnitReportReporter -->
<testsuite hostname="kishores-Air.mshome.net" failures="0" tests="1" name="practice.screen" time="9.390" errors="0" timestamp="2024-05-28T12:35:47 IST" skipped="0">
  <testcase classname="practice.screen" name="amazontest" time="9.390"/>
</testsuite> <!-- practice.screen -->
