<?xml version="1.0" encoding="UTF-8"?>
<!-- Generated by org.testng.reporters.JUnitReportReporter -->
<testsuite hostname="kishores-Air.mshome.net" failures="0" tests="1" name="practice.ExpectedExceptionMessageTest" time="0.030" errors="0" timestamp="2024-05-29T13:34:12 IST" skipped="0">
  <testcase classname="practice.ExpectedExceptionMessageTest" name="testDivisionByZero" time="0.030"/>
</testsuite> <!-- practice.ExpectedExceptionMessageTest -->
